<?xml version="1.0" encoding="UTF-8"?>
<!-- Generated by org.testng.reporters.JUnitXMLReporter -->
<testsuite ignored="6" hostname="DESKTOP-9J17MI4" failures="1" tests="2" name="ParameterizedTests" time="0.083" errors="0" timestamp="2024-11-15T22:42:19 PKT">
  <testcase classname="test.TextProcessorTest" name="testAreAnagramsParameterized" time="0.018"/>
  <testcase classname="test.TextProcessorTest" name="testReverseWordsParameterized" time="0.043">
    <failure type="java.lang.AssertionError" message="expected [dlrow olleh] but found [world hello]">
      <![CDATA[java.lang.AssertionError: expected [dlrow olleh] but found [world hello]
at org.testng.Assert.fail(Assert.java:99)
at org.testng.Assert.failNotEquals(Assert.java:1037)
at org.testng.Assert.assertEqualsImpl(Assert.java:140)
at org.testng.Assert.assertEquals(Assert.java:122)
at org.testng.Assert.assertEquals(Assert.java:629)
at org.testng.Assert.assertEquals(Assert.java:639)
at test.TextProcessorTest.testReverseWordsParameterized(TextProcessorTest.java:56)
at java.base/jdk.internal.reflect.DirectMethodHandleAccessor.invoke(DirectMethodHandleAccessor.java:103)
at java.base/java.lang.reflect.Method.invoke(Method.java:580)
at org.testng.internal.MethodInvocationHelper.invokeMethod(MethodInvocationHelper.java:133)
at org.testng.internal.TestInvoker.invokeMethod(TestInvoker.java:598)
at org.testng.internal.TestInvoker.invokeTestMethod(TestInvoker.java:173)
at org.testng.internal.MethodRunner.runInSequence(MethodRunner.java:46)
at org.testng.internal.TestInvoker$MethodInvocationAgent.invoke(TestInvoker.java:824)
at org.testng.internal.TestInvoker.invokeTestMethods(TestInvoker.java:146)
at org.testng.internal.TestMethodWorker.invokeTestMethods(TestMethodWorker.java:146)
at org.testng.internal.TestMethodWorker.run(TestMethodWorker.java:128)
at java.base/java.util.ArrayList.forEach(ArrayList.java:1597)
at org.testng.TestRunner.privateRun(TestRunner.java:794)
at org.testng.TestRunner.run(TestRunner.java:596)
at org.testng.SuiteRunner.runTest(SuiteRunner.java:377)
at org.testng.SuiteRunner.access$000(SuiteRunner.java:28)
at org.testng.SuiteRunner$SuiteWorker.run(SuiteRunner.java:418)
at org.testng.internal.thread.ThreadUtil.lambda$execute$0(ThreadUtil.java:64)
at java.base/java.util.concurrent.FutureTask.run(FutureTask.java:317)
at java.base/java.util.concurrent.ThreadPoolExecutor.runWorker(ThreadPoolExecutor.java:1144)
at java.base/java.util.concurrent.ThreadPoolExecutor$Worker.run(ThreadPoolExecutor.java:642)
at java.base/java.lang.Thread.run(Thread.java:1570)
]]>
    </failure>
  </testcase> <!-- testReverseWordsParameterized -->
  <testcase classname="test.AdvancedCalculatorTest" name="fibonacciParameterizedTest" time="0.0">
    <ignored/>
  </testcase> <!-- fibonacciParameterizedTest -->
  <testcase classname="test.AdvancedCalculatorTest" name="gcdTest" time="0.0">
    <ignored/>
  </testcase> <!-- gcdTest -->
  <testcase classname="test.TextProcessorTest" name="testReverseWords" time="0.0">
    <ignored/>
  </testcase> <!-- testReverseWords -->
  <testcase classname="test.TextProcessorTest" name="testAreAnagrams" time="0.0">
    <ignored/>
  </testcase> <!-- testAreAnagrams -->
  <testcase classname="test.AdvancedCalculatorTest" name="fibonacciTest" time="0.0">
    <ignored/>
  </testcase> <!-- fibonacciTest -->
  <testcase classname="test.AdvancedCalculatorTest" name="gcdParameterizedTest" time="0.0">
    <ignored/>
  </testcase> <!-- gcdParameterizedTest -->
</testsuite> <!-- ParameterizedTests -->
